This is pdfTeX, Version 3.14159265-2.6-1.40.18 (TeX Live 2017/W32TeX) (preloaded format=pdflatex 2019.1.19)  14 SEP 2019 12:57
entering extended mode
 restricted \write18 enabled.
 file:line:error style messages enabled.
 %&-line parsing enabled.
**c:/Users/rjjjj/Desktop/RjpTex/latex_learn_folder/chapter05_legion/chapter05.tex
(c:/Users/rjjjj/Desktop/RjpTex/latex_learn_folder/chapter05_legion/chapter05.tex
LaTeX2e <2017-04-15>
Babel <3.10> and hyphenation patterns for 84 language(s) loaded.
(c:/texlive/2017/texmf-dist/tex/latex/base/article.cls
Document Class: article 2014/09/29 v1.4h Standard LaTeX document class
(c:/texlive/2017/texmf-dist/tex/latex/base/size10.clo
File: size10.clo 2014/09/29 v1.4h Standard LaTeX file (size option)
)
\c@part=\count79
\c@section=\count80
\c@subsection=\count81
\c@subsubsection=\count82
\c@paragraph=\count83
\c@subparagraph=\count84
\c@figure=\count85
\c@table=\count86
\abovecaptionskip=\skip41
\belowcaptionskip=\skip42
\bibindent=\dimen102
) (c:/texlive/2017/texmf-dist/tex/latex/natbib/natbib.sty
Package: natbib 2010/09/13 8.31b (PWD, AO)
\bibhang=\skip43
\bibsep=\skip44
LaTeX Info: Redefining \cite on input line 694.
\c@NAT@ctr=\count87
)

LaTeX Warning: Unused global option(s):
    [UTF8].

(./chapter05.aux)
\openout1 = `chapter05.aux'.

LaTeX Font Info:    Checking defaults for OML/cmm/m/it on input line 5.
LaTeX Font Info:    ... okay on input line 5.
LaTeX Font Info:    Checking defaults for T1/cmr/m/n on input line 5.
LaTeX Font Info:    ... okay on input line 5.
LaTeX Font Info:    Checking defaults for OT1/cmr/m/n on input line 5.
LaTeX Font Info:    ... okay on input line 5.
LaTeX Font Info:    Checking defaults for OMS/cmsy/m/n on input line 5.
LaTeX Font Info:    ... okay on input line 5.
LaTeX Font Info:    Checking defaults for OMX/cmex/m/n on input line 5.
LaTeX Font Info:    ... okay on input line 5.
LaTeX Font Info:    Checking defaults for U/cmr/m/n on input line 5.
LaTeX Font Info:    ... okay on input line 5.
LaTeX Font Info:    External font `cmex10' loaded for size
(Font)              <12> on input line 10.
LaTeX Font Info:    External font `cmex10' loaded for size
(Font)              <8> on input line 10.
LaTeX Font Info:    External font `cmex10' loaded for size
(Font)              <6> on input line 10.
LaTeX Font Info:    External font `cmex10' loaded for size
(Font)              <9> on input line 12.
LaTeX Font Info:    External font `cmex10' loaded for size
(Font)              <5> on input line 12.
 [1

{c:/texlive/2017/texmf-var/fonts/map/pdftex/updmap/pdftex.map}] (./chapter05.toc
LaTeX Font Info:    External font `cmex10' loaded for size
(Font)              <7> on input line 2.
)
\tf@toc=\write3
\openout3 = `chapter05.toc'.

 [1] [1] [2] [3] [4] [5] (./chapter05.bbl) [6] (./chapter05.aux) ) 
Here is how much of TeX's memory you used:
 592 strings out of 492995
 6860 string characters out of 6136402
 59618 words of memory out of 5000000
 4204 multiletter control sequences out of 15000+600000
 9115 words of font info for 32 fonts, out of 8000000 for 9000
 1141 hyphenation exceptions out of 8191
 23i,6n,20p,312b,187s stack positions out of 5000i,500n,10000p,200000b,80000s
<c:/texlive/2017/texmf-dist/fonts/type1/public/amsfonts/cm/cmbx10.pfb><c:/texlive/2017/texmf-dist/fonts/type1/public/amsfonts/cm/cmbx12.pfb><c:/texlive/2017/texmf-dist/fonts/type1/public/amsfonts/cm/cmbx9.pfb><c:/texlive/2017/texmf-dist/fonts/type1/public/amsfonts/cm/cmr10.pfb><c:/texlive/2017/texmf-dist/fonts/type1/public/amsfonts/cm/cmr12.pfb><c:/texlive/2017/texmf-dist/fonts/type1/public/amsfonts/cm/cmr17.pfb><c:/texlive/2017/texmf-dist/fonts/type1/public/amsfonts/cm/cmr6.pfb><c:/texlive/2017/texmf-dist/fonts/type1/public/amsfonts/cm/cmr9.pfb>
Output written on chapter05.pdf (8 pages, 89104 bytes).
PDF statistics:
 63 PDF objects out of 1000 (max. 8388607)
 44 compressed objects within 1 object stream
 0 named destinations out of 1000 (max. 500000)
 1 words of extra memory for PDF output out of 10000 (max. 10000000)

